<?xml version="1.0" encoding="UTF-8"?>
<testng-results ignored="1" total="8" passed="7" failed="0" skipped="0">
  <reporter-output>
  </reporter-output>
  <suite started-at="2022-07-03T11:39:49 IST" name="SampleSuite" finished-at="2022-07-03T11:39:49 IST" duration-ms="133">
    <groups>
      <group name="Smoke">
        <method signature="Sample1Test.Test4()[pri:0, instance:test.Sample1Test@cd3fee8]" name="Test4" class="test.Sample1Test"/>
      </group> <!-- Smoke -->
    </groups>
    <test started-at="2022-07-03T11:39:49 IST" name="AllTest" finished-at="2022-07-03T11:39:49 IST" duration-ms="133">
      <class name="test.Sample1Test">
        <test-method is-config="true" signature="Test3()[pri:0, instance:test.Sample1Test@cd3fee8]" started-at="2022-07-03T11:39:49 IST" name="Test3" finished-at="2022-07-03T11:39:49 IST" duration-ms="11" status="PASS">
          <reporter-output>
          </reporter-output>
        </test-method> <!-- Test3 -->
        <test-method is-config="true" signature="BeforeClassMethod()[pri:0, instance:test.Sample1Test@cd3fee8]" started-at="2022-07-03T11:39:49 IST" name="BeforeClassMethod" finished-at="2022-07-03T11:39:49 IST" duration-ms="0" status="PASS">
          <reporter-output>
          </reporter-output>
        </test-method> <!-- BeforeClassMethod -->
        <test-method is-config="true" signature="Test1()[pri:0, instance:test.Sample1Test@cd3fee8]" started-at="2022-07-03T11:39:49 IST" name="Test1" finished-at="2022-07-03T11:39:49 IST" duration-ms="0" status="PASS">
          <reporter-output>
          </reporter-output>
        </test-method> <!-- Test1 -->
        <test-method signature="DataGrab(java.lang.String,java.lang.String)[pri:0, instance:test.Sample1Test@cd3fee8]" started-at="2022-07-03T11:39:49 IST" name="DataGrab" data-provider="MethodTest" finished-at="2022-07-03T11:39:49 IST" duration-ms="15" status="PASS">
          <params>
            <param index="0">
              <value>
                <![CDATA[BtsV]]>
              </value>
            </param>
            <param index="1">
              <value>
                <![CDATA[PasswordJk]]>
              </value>
            </param>
          </params>
          <reporter-output>
          </reporter-output>
        </test-method> <!-- DataGrab -->
        <test-method is-config="true" signature="Test5()[pri:0, instance:test.Sample1Test@cd3fee8]" started-at="2022-07-03T11:39:49 IST" name="Test5" finished-at="2022-07-03T11:39:49 IST" duration-ms="2" status="PASS">
          <reporter-output>
          </reporter-output>
        </test-method> <!-- Test5 -->
        <test-method is-config="true" signature="Test1()[pri:0, instance:test.Sample1Test@cd3fee8]" started-at="2022-07-03T11:39:49 IST" name="Test1" finished-at="2022-07-03T11:39:49 IST" duration-ms="1" status="PASS">
          <reporter-output>
          </reporter-output>
        </test-method> <!-- Test1 -->
        <test-method signature="DataGrab(java.lang.String,java.lang.String)[pri:0, instance:test.Sample1Test@cd3fee8]" started-at="2022-07-03T11:39:49 IST" name="DataGrab" data-provider="MethodTest" finished-at="2022-07-03T11:39:49 IST" duration-ms="2" status="PASS">
          <params>
            <param index="0">
              <value>
                <![CDATA[BtsJK]]>
              </value>
            </param>
            <param index="1">
              <value>
                <![CDATA[PasswordV]]>
              </value>
            </param>
          </params>
          <reporter-output>
          </reporter-output>
        </test-method> <!-- DataGrab -->
        <test-method is-config="true" signature="Test5()[pri:0, instance:test.Sample1Test@cd3fee8]" started-at="2022-07-03T11:39:49 IST" name="Test5" finished-at="2022-07-03T11:39:49 IST" duration-ms="0" status="PASS">
          <reporter-output>
          </reporter-output>
        </test-method> <!-- Test5 -->
        <test-method is-config="true" signature="Test1()[pri:0, instance:test.Sample1Test@cd3fee8]" started-at="2022-07-03T11:39:49 IST" name="Test1" finished-at="2022-07-03T11:39:49 IST" duration-ms="0" status="PASS">
          <reporter-output>
          </reporter-output>
        </test-method> <!-- Test1 -->
        <test-method signature="DataGrab(java.lang.String,java.lang.String)[pri:0, instance:test.Sample1Test@cd3fee8]" started-at="2022-07-03T11:39:49 IST" name="DataGrab" data-provider="MethodTest" finished-at="2022-07-03T11:39:49 IST" duration-ms="4" status="PASS">
          <params>
            <param index="0">
              <value>
                <![CDATA[Bts7]]>
              </value>
            </param>
            <param index="1">
              <value>
                <![CDATA[PasswordBTS]]>
              </value>
            </param>
          </params>
          <reporter-output>
          </reporter-output>
        </test-method> <!-- DataGrab -->
        <test-method is-config="true" signature="Test5()[pri:0, instance:test.Sample1Test@cd3fee8]" started-at="2022-07-03T11:39:49 IST" name="Test5" finished-at="2022-07-03T11:39:49 IST" duration-ms="0" status="PASS">
          <reporter-output>
          </reporter-output>
        </test-method> <!-- Test5 -->
        <test-method is-config="true" signature="Test1()[pri:0, instance:test.Sample1Test@cd3fee8]" started-at="2022-07-03T11:39:49 IST" name="Test1" finished-at="2022-07-03T11:39:49 IST" duration-ms="1" status="PASS">
          <reporter-output>
          </reporter-output>
        </test-method> <!-- Test1 -->
        <test-method signature="Test4()[pri:0, instance:test.Sample1Test@cd3fee8]" started-at="2022-07-03T11:39:49 IST" name="Test4" finished-at="2022-07-03T11:39:49 IST" duration-ms="3" status="PASS">
          <reporter-output>
          </reporter-output>
        </test-method> <!-- Test4 -->
        <test-method is-config="true" signature="Test5()[pri:0, instance:test.Sample1Test@cd3fee8]" started-at="2022-07-03T11:39:49 IST" name="Test5" finished-at="2022-07-03T11:39:49 IST" duration-ms="0" status="PASS">
          <reporter-output>
          </reporter-output>
        </test-method> <!-- Test5 -->
        <test-method signature="Test7()[pri:0, instance:test.Sample1Test@cd3fee8]" started-at="2022-07-03T11:39:49 IST" name="Test7" finished-at="2022-07-03T11:39:49 IST" duration-ms="2" status="PASS">
          <reporter-output>
          </reporter-output>
        </test-method> <!-- Test7 -->
        <test-method is-config="true" signature="Test1()[pri:0, instance:test.Sample1Test@cd3fee8]" started-at="2022-07-03T11:39:49 IST" name="Test1" finished-at="2022-07-03T11:39:49 IST" duration-ms="0" status="PASS">
          <reporter-output>
          </reporter-output>
        </test-method> <!-- Test1 -->
        <test-method is-config="true" signature="Test5()[pri:0, instance:test.Sample1Test@cd3fee8]" started-at="2022-07-03T11:39:49 IST" name="Test5" finished-at="2022-07-03T11:39:49 IST" duration-ms="1" status="PASS">
          <reporter-output>
          </reporter-output>
        </test-method> <!-- Test5 -->
        <test-method is-config="true" signature="Test1()[pri:0, instance:test.Sample1Test@cd3fee8]" started-at="2022-07-03T11:39:49 IST" name="Test1" finished-at="2022-07-03T11:39:49 IST" duration-ms="1" status="PASS">
          <reporter-output>
          </reporter-output>
        </test-method> <!-- Test1 -->
        <test-method signature="Test8()[pri:0, instance:test.Sample1Test@cd3fee8]" started-at="2022-07-03T11:39:49 IST" name="Test8" finished-at="2022-07-03T11:39:49 IST" depends-on-methods="test.Sample1Test.Test7" duration-ms="1" status="PASS">
          <reporter-output>
          </reporter-output>
        </test-method> <!-- Test8 -->
        <test-method is-config="true" signature="Test5()[pri:0, instance:test.Sample1Test@cd3fee8]" started-at="2022-07-03T11:39:49 IST" name="Test5" finished-at="2022-07-03T11:39:49 IST" duration-ms="1" status="PASS">
          <reporter-output>
          </reporter-output>
        </test-method> <!-- Test5 -->
        <test-method is-config="true" signature="Test1()[pri:0, instance:test.Sample1Test@cd3fee8]" started-at="2022-07-03T11:39:49 IST" name="Test1" finished-at="2022-07-03T11:39:49 IST" duration-ms="0" status="PASS">
          <reporter-output>
          </reporter-output>
        </test-method> <!-- Test1 -->
        <test-method signature="zetroMethod()[pri:2, instance:test.Sample1Test@cd3fee8]" started-at="2022-07-03T11:39:49 IST" name="zetroMethod" finished-at="2022-07-03T11:39:49 IST" duration-ms="2" status="PASS">
          <reporter-output>
          </reporter-output>
        </test-method> <!-- zetroMethod -->
        <test-method is-config="true" signature="Test5()[pri:0, instance:test.Sample1Test@cd3fee8]" started-at="2022-07-03T11:39:49 IST" name="Test5" finished-at="2022-07-03T11:39:49 IST" duration-ms="1" status="PASS">
          <reporter-output>
          </reporter-output>
        </test-method> <!-- Test5 -->
        <test-method is-config="true" signature="Test2()[pri:0, instance:test.Sample1Test@cd3fee8]" started-at="2022-07-03T11:39:49 IST" name="Test2" finished-at="2022-07-03T11:39:49 IST" duration-ms="1" status="PASS">
          <reporter-output>
          </reporter-output>
        </test-method> <!-- Test2 -->
      </class> <!-- test.Sample1Test -->
    </test> <!-- AllTest -->
  </suite> <!-- SampleSuite -->
</testng-results>
