<?xml version="1.0" encoding="UTF-8"?>
<testng-results ignored="0" total="9" passed="8" failed="1" skipped="0">
  <reporter-output>
  </reporter-output>
  <suite started-at="2022-07-25T13:23:46 IST" name="Suite" finished-at="2022-07-25T13:30:02 IST" duration-ms="375602">
    <groups>
    </groups>
    <test started-at="2022-07-25T13:23:46 IST" name="Test1" finished-at="2022-07-25T13:27:05 IST" duration-ms="198752">
      <class name="Academy.E2EProject.HomePage">
        <test-method signature="basePageNavigator(java.lang.String,java.lang.String)[pri:0, instance:Academy.E2EProject.HomePage@2362f559]" started-at="2022-07-25T13:23:46 IST" name="basePageNavigator" data-provider="getData" finished-at="2022-07-25T13:26:02 IST" duration-ms="135223" status="PASS">
          <params>
            <param index="0">
              <value>
                <![CDATA[restricteduser@qw.com]]>
              </value>
            </param>
            <param index="1">
              <value>
                <![CDATA[45678]]>
              </value>
            </param>
          </params>
          <reporter-output>
          </reporter-output>
        </test-method> <!-- basePageNavigator -->
        <test-method signature="basePageNavigator(java.lang.String,java.lang.String)[pri:0, instance:Academy.E2EProject.HomePage@2362f559]" started-at="2022-07-25T13:26:02 IST" name="basePageNavigator" data-provider="getData" finished-at="2022-07-25T13:26:37 IST" duration-ms="35085" status="PASS">
          <params>
            <param index="0">
              <value>
                <![CDATA[restricteduser@qw.com]]>
              </value>
            </param>
            <param index="1">
              <value>
                <![CDATA[45678]]>
              </value>
            </param>
          </params>
          <reporter-output>
          </reporter-output>
        </test-method> <!-- basePageNavigator -->
        <test-method signature="basePageNavigator(java.lang.String,java.lang.String)[pri:0, instance:Academy.E2EProject.HomePage@2362f559]" started-at="2022-07-25T13:26:37 IST" name="basePageNavigator" data-provider="getData" finished-at="2022-07-25T13:27:05 IST" duration-ms="28231" status="PASS">
          <params>
            <param index="0">
              <value>
                <![CDATA[unrestricteduser@qw.com]]>
              </value>
            </param>
            <param index="1">
              <value>
                <![CDATA[123456]]>
              </value>
            </param>
          </params>
          <reporter-output>
          </reporter-output>
        </test-method> <!-- basePageNavigator -->
      </class> <!-- Academy.E2EProject.HomePage -->
    </test> <!-- Test1 -->
    <test started-at="2022-07-25T13:27:06 IST" name="Test2" finished-at="2022-07-25T13:28:38 IST" duration-ms="91857">
      <class name="Academy.E2EProject.HomePage">
        <test-method signature="basePageNavigator(java.lang.String,java.lang.String)[pri:0, instance:Academy.E2EProject.HomePage@1e178745]" started-at="2022-07-25T13:27:06 IST" name="basePageNavigator" data-provider="getData" finished-at="2022-07-25T13:27:41 IST" duration-ms="35202" status="PASS">
          <params>
            <param index="0">
              <value>
                <![CDATA[restricteduser@qw.com]]>
              </value>
            </param>
            <param index="1">
              <value>
                <![CDATA[45678]]>
              </value>
            </param>
          </params>
          <reporter-output>
          </reporter-output>
        </test-method> <!-- basePageNavigator -->
        <test-method signature="basePageNavigator(java.lang.String,java.lang.String)[pri:0, instance:Academy.E2EProject.HomePage@1e178745]" started-at="2022-07-25T13:27:41 IST" name="basePageNavigator" data-provider="getData" finished-at="2022-07-25T13:28:07 IST" duration-ms="25211" status="PASS">
          <params>
            <param index="0">
              <value>
                <![CDATA[restricteduser@qw.com]]>
              </value>
            </param>
            <param index="1">
              <value>
                <![CDATA[45678]]>
              </value>
            </param>
          </params>
          <reporter-output>
          </reporter-output>
        </test-method> <!-- basePageNavigator -->
        <test-method signature="basePageNavigator(java.lang.String,java.lang.String)[pri:0, instance:Academy.E2EProject.HomePage@1e178745]" started-at="2022-07-25T13:28:07 IST" name="basePageNavigator" data-provider="getData" finished-at="2022-07-25T13:28:38 IST" duration-ms="31432" status="PASS">
          <params>
            <param index="0">
              <value>
                <![CDATA[unrestricteduser@qw.com]]>
              </value>
            </param>
            <param index="1">
              <value>
                <![CDATA[123456]]>
              </value>
            </param>
          </params>
          <reporter-output>
          </reporter-output>
        </test-method> <!-- basePageNavigator -->
      </class> <!-- Academy.E2EProject.HomePage -->
    </test> <!-- Test2 -->
    <test started-at="2022-07-25T13:28:38 IST" name="Test3" finished-at="2022-07-25T13:28:58 IST" duration-ms="19399">
      <class name="Academy.E2EProject.RedbusCalender">
        <test-method signature="calenderSample()[pri:0, instance:Academy.E2EProject.RedbusCalender@2d2ffcb7]" started-at="2022-07-25T13:28:38 IST" name="calenderSample" finished-at="2022-07-25T13:28:57 IST" duration-ms="19161" status="PASS">
          <reporter-output>
          </reporter-output>
        </test-method> <!-- calenderSample -->
        <test-method is-config="true" signature="driverclose()[pri:0, instance:Academy.E2EProject.RedbusCalender@2d2ffcb7]" started-at="2022-07-25T13:28:57 IST" name="driverclose" finished-at="2022-07-25T13:28:58 IST" duration-ms="234" status="PASS">
          <reporter-output>
          </reporter-output>
        </test-method> <!-- driverclose -->
      </class> <!-- Academy.E2EProject.RedbusCalender -->
    </test> <!-- Test3 -->
    <test started-at="2022-07-25T13:28:58 IST" name="Test4" finished-at="2022-07-25T13:29:08 IST" duration-ms="10111">
      <class name="Academy.E2EProject.AlertPraticePage">
        <test-method signature="AlertpageTest()[pri:0, instance:Academy.E2EProject.AlertPraticePage@d21a74c]" started-at="2022-07-25T13:28:58 IST" name="AlertpageTest" finished-at="2022-07-25T13:29:08 IST" duration-ms="9802" status="PASS">
          <reporter-output>
          </reporter-output>
        </test-method> <!-- AlertpageTest -->
        <test-method is-config="true" signature="Closedriver()[pri:0, instance:Academy.E2EProject.AlertPraticePage@d21a74c]" started-at="2022-07-25T13:29:08 IST" name="Closedriver" finished-at="2022-07-25T13:29:08 IST" duration-ms="290" status="PASS">
          <reporter-output>
          </reporter-output>
        </test-method> <!-- Closedriver -->
      </class> <!-- Academy.E2EProject.AlertPraticePage -->
    </test> <!-- Test4 -->
    <test started-at="2022-07-25T13:29:08 IST" name="Test5" finished-at="2022-07-25T13:30:02 IST" duration-ms="53774">
      <class name="Academy.E2EProject.PracticePage">
        <test-method is-config="true" signature="diverstart()[pri:0, instance:Academy.E2EProject.PracticePage@548e6d58]" started-at="2022-07-25T13:29:08 IST" name="diverstart" finished-at="2022-07-25T13:29:29 IST" duration-ms="20588" status="PASS">
          <reporter-output>
          </reporter-output>
        </test-method> <!-- diverstart -->
        <test-method signature="RahulPracticepageNavigation()[pri:0, instance:Academy.E2EProject.PracticePage@548e6d58]" started-at="2022-07-25T13:29:29 IST" name="RahulPracticepageNavigation" finished-at="2022-07-25T13:29:55 IST" duration-ms="26438" status="FAIL">
          <exception class="org.openqa.selenium.WebDriverException">
            <message>
              <![CDATA[unknown error: cannot determine loading status
from unknown error: unexpected command response
  (Session info: chrome=103.0.5060.114)
Build info: version: '4.3.0', revision: 'a4995e2c09*'
System info: host: 'SOWMYA-PC', ip: '192.168.0.8', os.name: 'Windows 10', os.arch: 'amd64', os.version: '10.0', java.version: '18.0.1.1'
Driver info: org.openqa.selenium.chrome.ChromeDriver
Command: [e58b529fdbb9a4dc4d90030d1f934947, goBack {}]
Capabilities {acceptInsecureCerts: false, browserName: chrome, browserVersion: 103.0.5060.114, chrome: {chromedriverVersion: 103.0.5060.53 (a1711811edd7..., userDataDir: C:\Users\DELL\AppData\Local...}, goog:chromeOptions: {debuggerAddress: localhost:53794}, networkConnectionEnabled: false, pageLoadStrategy: normal, platformName: WINDOWS, proxy: Proxy(), se:cdp: ws://localhost:53794/devtoo..., se:cdpVersion: 103.0.5060.114, setWindowRect: true, strictFileInteractability: false, timeouts: {implicit: 0, pageLoad: 300000, script: 30000}, unhandledPromptBehavior: dismiss and notify, webauthn:extension:credBlob: true, webauthn:extension:largeBlob: true, webauthn:virtualAuthenticators: true}
Session ID: e58b529fdbb9a4dc4d90030d1f934947]]>
            </message>
            <full-stacktrace>
              <![CDATA[org.openqa.selenium.WebDriverException: unknown error: cannot determine loading status
from unknown error: unexpected command response
  (Session info: chrome=103.0.5060.114)
Build info: version: '4.3.0', revision: 'a4995e2c09*'
System info: host: 'SOWMYA-PC', ip: '192.168.0.8', os.name: 'Windows 10', os.arch: 'amd64', os.version: '10.0', java.version: '18.0.1.1'
Driver info: org.openqa.selenium.chrome.ChromeDriver
Command: [e58b529fdbb9a4dc4d90030d1f934947, goBack {}]
Capabilities {acceptInsecureCerts: false, browserName: chrome, browserVersion: 103.0.5060.114, chrome: {chromedriverVersion: 103.0.5060.53 (a1711811edd7..., userDataDir: C:\Users\DELL\AppData\Local...}, goog:chromeOptions: {debuggerAddress: localhost:53794}, networkConnectionEnabled: false, pageLoadStrategy: normal, platformName: WINDOWS, proxy: Proxy(), se:cdp: ws://localhost:53794/devtoo..., se:cdpVersion: 103.0.5060.114, setWindowRect: true, strictFileInteractability: false, timeouts: {implicit: 0, pageLoad: 300000, script: 30000}, unhandledPromptBehavior: dismiss and notify, webauthn:extension:credBlob: true, webauthn:extension:largeBlob: true, webauthn:virtualAuthenticators: true}
Session ID: e58b529fdbb9a4dc4d90030d1f934947
at java.base/jdk.internal.reflect.DirectConstructorHandleAccessor.newInstance(DirectConstructorHandleAccessor.java:67)
at java.base/java.lang.reflect.Constructor.newInstanceWithCaller(Constructor.java:499)
at java.base/java.lang.reflect.Constructor.newInstance(Constructor.java:483)
at org.openqa.selenium.remote.codec.w3c.W3CHttpResponseCodec.createException(W3CHttpResponseCodec.java:200)
at org.openqa.selenium.remote.codec.w3c.W3CHttpResponseCodec.decode(W3CHttpResponseCodec.java:133)
at org.openqa.selenium.remote.codec.w3c.W3CHttpResponseCodec.decode(W3CHttpResponseCodec.java:53)
at org.openqa.selenium.remote.HttpCommandExecutor.execute(HttpCommandExecutor.java:184)
at org.openqa.selenium.remote.service.DriverCommandExecutor.invokeExecute(DriverCommandExecutor.java:167)
at org.openqa.selenium.remote.service.DriverCommandExecutor.execute(DriverCommandExecutor.java:142)
at org.openqa.selenium.remote.RemoteWebDriver.execute(RemoteWebDriver.java:569)
at org.openqa.selenium.remote.RemoteWebDriver.execute(RemoteWebDriver.java:624)
at org.openqa.selenium.remote.RemoteWebDriver.execute(RemoteWebDriver.java:628)
at org.openqa.selenium.remote.RemoteWebDriver$RemoteNavigation.back(RemoteWebDriver.java:1046)
at Academy.E2EProject.PracticePage.RahulPracticepageNavigation(PracticePage.java:120)
at java.base/jdk.internal.reflect.DirectMethodHandleAccessor.invoke(DirectMethodHandleAccessor.java:104)
at java.base/java.lang.reflect.Method.invoke(Method.java:577)
at org.testng.internal.invokers.MethodInvocationHelper.invokeMethod(MethodInvocationHelper.java:139)
at org.testng.internal.invokers.TestInvoker.invokeMethod(TestInvoker.java:677)
at org.testng.internal.invokers.TestInvoker.invokeTestMethod(TestInvoker.java:221)
at org.testng.internal.invokers.MethodRunner.runInSequence(MethodRunner.java:50)
at org.testng.internal.invokers.TestInvoker$MethodInvocationAgent.invoke(TestInvoker.java:962)
at org.testng.internal.invokers.TestInvoker.invokeTestMethods(TestInvoker.java:194)
at org.testng.internal.invokers.TestMethodWorker.invokeTestMethods(TestMethodWorker.java:148)
at org.testng.internal.invokers.TestMethodWorker.run(TestMethodWorker.java:128)
at java.base/java.util.ArrayList.forEach(ArrayList.java:1511)
at org.testng.TestRunner.privateRun(TestRunner.java:806)
at org.testng.TestRunner.run(TestRunner.java:601)
at org.testng.SuiteRunner.runTest(SuiteRunner.java:433)
at org.testng.SuiteRunner.runSequentially(SuiteRunner.java:427)
at org.testng.SuiteRunner.privateRun(SuiteRunner.java:387)
at org.testng.SuiteRunner.run(SuiteRunner.java:330)
at org.testng.SuiteRunnerWorker.runSuite(SuiteRunnerWorker.java:52)
at org.testng.SuiteRunnerWorker.run(SuiteRunnerWorker.java:95)
at org.testng.TestNG.runSuitesSequentially(TestNG.java:1256)
at org.testng.TestNG.runSuitesLocally(TestNG.java:1176)
at org.testng.TestNG.runSuites(TestNG.java:1099)
at org.testng.TestNG.run(TestNG.java:1067)
at org.apache.maven.surefire.testng.TestNGExecutor.run(TestNGExecutor.java:283)
at org.apache.maven.surefire.testng.TestNGXmlTestSuite.execute(TestNGXmlTestSuite.java:75)
at org.apache.maven.surefire.testng.TestNGProvider.invoke(TestNGProvider.java:120)
at org.apache.maven.surefire.booter.ForkedBooter.invokeProviderInSameClassLoader(ForkedBooter.java:379)
at org.apache.maven.surefire.booter.ForkedBooter.runSuitesInProcess(ForkedBooter.java:340)
at org.apache.maven.surefire.booter.ForkedBooter.execute(ForkedBooter.java:125)
at org.apache.maven.surefire.booter.ForkedBooter.main(ForkedBooter.java:413)
]]>
            </full-stacktrace>
          </exception> <!-- org.openqa.selenium.WebDriverException -->
          <reporter-output>
          </reporter-output>
        </test-method> <!-- RahulPracticepageNavigation -->
        <test-method is-config="true" signature="driverclose()[pri:0, instance:Academy.E2EProject.PracticePage@548e6d58]" started-at="2022-07-25T13:30:01 IST" name="driverclose" finished-at="2022-07-25T13:30:02 IST" duration-ms="1250" status="PASS">
          <reporter-output>
          </reporter-output>
        </test-method> <!-- driverclose -->
      </class> <!-- Academy.E2EProject.PracticePage -->
    </test> <!-- Test5 -->
  </suite> <!-- Suite -->
</testng-results>
