<?xml version="1.0" encoding="UTF-8"?>
<!-- Generated by org.testng.reporters.JUnitXMLReporter -->
<testsuite ignored="1" hostname="SOWMYA-PC" failures="0" tests="7" name="AllTest" time="0.133" errors="0" timestamp="2022-07-03T11:39:49 IST">
  <testcase classname="test.Sample1Test" name="DataGrab" time="0.015"/>
  <testcase classname="test.Sample1Test" name="DataGrab" time="0.002"/>
  <testcase classname="test.Sample1Test" name="DataGrab" time="0.004"/>
  <testcase classname="test.Sample1Test" name="Test4" time="0.003"/>
  <testcase classname="test.Sample1Test" name="Test7" time="0.002"/>
  <testcase classname="test.Sample1Test" name="Test8" time="0.001"/>
  <testcase classname="test.Sample1Test" name="zetroMethod" time="0.002"/>
  <testcase classname="test.Sample1Test" name="Test6" time="0.0">
    <ignored/>
  </testcase> <!-- Test6 -->
</testsuite> <!-- AllTest -->
