<?xml version="1.0" encoding="UTF-8"?>
<testng-results ignored="0" total="1" passed="1" failed="0" skipped="0">
  <reporter-output>
  </reporter-output>
  <suite started-at="2022-08-17T17:47:58 IST" name="Default suite" finished-at="2022-08-17T17:48:26 IST" duration-ms="27493">
    <groups>
      <group name="cucumber">
        <method signature="AbstractTestNGCucumberTests.runScenario(io.cucumber.testng.PickleWrapper,io.cucumber.testng.FeatureWrapper)[pri:0, instance:Assignement1.CucumberAssignment.TestRunner@48f2bd5b]" name="runScenario" class="io.cucumber.testng.AbstractTestNGCucumberTests"/>
      </group> <!-- cucumber -->
    </groups>
    <test started-at="2022-08-17T17:47:58 IST" name="Default test" finished-at="2022-08-17T17:48:26 IST" duration-ms="27493">
      <class name="Assignement1.CucumberAssignment.TestRunner">
        <test-method is-config="true" signature="setUpClass(org.testng.ITestContext)[pri:0, instance:Assignement1.CucumberAssignment.TestRunner@48f2bd5b]" started-at="2022-08-17T17:47:58 IST" name="setUpClass" finished-at="2022-08-17T17:47:59 IST" duration-ms="487" status="PASS">
          <params>
            <param index="0">
              <value>
                <![CDATA[org.testng.TestRunner@4760f169]]>
              </value>
            </param>
          </params>
          <reporter-output>
          </reporter-output>
        </test-method> <!-- setUpClass -->
        <test-method signature="runScenario(io.cucumber.testng.PickleWrapper,io.cucumber.testng.FeatureWrapper)[pri:0, instance:Assignement1.CucumberAssignment.TestRunner@48f2bd5b]" started-at="2022-08-17T17:47:59 IST" name="runScenario" description="Runs Cucumber Scenarios" data-provider="scenarios" finished-at="2022-08-17T17:48:26 IST" duration-ms="26927" status="PASS">
          <params>
            <param index="0">
              <value>
                <![CDATA["GreenKart Application Scenario1"]]>
              </value>
            </param>
            <param index="1">
              <value>
                <![CDATA["GreenKart Application"]]>
              </value>
            </param>
          </params>
          <reporter-output>
          </reporter-output>
        </test-method> <!-- runScenario -->
        <test-method is-config="true" signature="tearDownClass()[pri:0, instance:Assignement1.CucumberAssignment.TestRunner@48f2bd5b]" started-at="2022-08-17T17:48:26 IST" name="tearDownClass" finished-at="2022-08-17T17:48:26 IST" duration-ms="13" status="PASS">
          <reporter-output>
          </reporter-output>
        </test-method> <!-- tearDownClass -->
      </class> <!-- Assignement1.CucumberAssignment.TestRunner -->
    </test> <!-- Default test -->
  </suite> <!-- Default suite -->
</testng-results>
