<?xml version="1.0" encoding="UTF-8"?>
<!-- Generated by org.testng.reporters.JUnitXMLReporter -->
<testsuite ignored="0" hostname="SOWMYA-PC" failures="0" tests="3" name="Test2" time="91.857" errors="0" timestamp="2022-07-25T13:28:38 IST">
  <testcase classname="Academy.E2EProject.HomePage" name="basePageNavigator" time="35.202"/>
  <testcase classname="Academy.E2EProject.HomePage" name="basePageNavigator" time="25.211"/>
  <testcase classname="Academy.E2EProject.HomePage" name="basePageNavigator" time="31.432"/>
</testsuite> <!-- Test2 -->
