<?xml version="1.0" encoding="UTF-8"?>
<!-- Generated by org.testng.reporters.JUnitXMLReporter -->
<testsuite ignored="0" hostname="SOWMYA-PC" failures="0" tests="3" name="Test1" time="198.752" errors="0" timestamp="2022-07-25T13:27:06 IST">
  <testcase classname="Academy.E2EProject.HomePage" name="basePageNavigator" time="135.223"/>
  <testcase classname="Academy.E2EProject.HomePage" name="basePageNavigator" time="35.085"/>
  <testcase classname="Academy.E2EProject.HomePage" name="basePageNavigator" time="28.231"/>
</testsuite> <!-- Test1 -->
