<?xml version="1.0" encoding="UTF-8"?>
<!-- Generated by org.testng.reporters.JUnitXMLReporter -->
<testsuite ignored="1" hostname="SOWMYA-PC" failures="0" tests="1" name="PositiveTests" time="53.608" errors="0" timestamp="2022-06-12T17:50:53 IST">
  <testcase classname="com.herokuapp.theinternet.LoginTests" name="PositiveLoginTest" time="22.497"/>
  <testcase classname="com.herokuapp.theinternet.LoginTests" name="InvalidLoginTests" time="0.0">
    <ignored/>
  </testcase> <!-- InvalidLoginTests -->
</testsuite> <!-- PositiveTests -->
